<?xml version="1.0" encoding="UTF-8"?>
<!-- Generated by org.testng.reporters.JUnitXMLReporter -->
<testsuite hostname="WMLI122597" ignored="0" name="Systembolaget" tests="4" failures="0" timestamp="14 sep 2019 16:08:55 GMT" time="40.745" errors="0">
  <testcase name="feature" time="28.639" classname="cucumber.api.testng.AbstractTestNGCucumberTests"/>
  <testcase name="LogIn" time="0.113" classname="SystemBolaget.Login"/>
  <testcase name="Search" time="1.123" classname="SystemBolaget.Login"/>
  <testcase name="SearchResult" time="0.968" classname="SystemBolaget.Login"/>
</testsuite> <!-- Systembolaget -->
