<?xml version="1.0" encoding="UTF-8"?>
<testng-results skipped="0" failed="0" total="4" passed="4">
  <reporter-output>
  </reporter-output>
  <suite name="Selenium" duration-ms="38167" started-at="2019-09-14T15:58:39Z" finished-at="2019-09-14T15:59:17Z">
    <groups>
      <group name="cucumber">
        <method signature="AbstractTestNGCucumberTests.feature(cucumber.api.testng.CucumberFeatureWrapper)[pri:0, instance:Cucumber.TestRunner@7334aada]" name="feature" class="cucumber.api.testng.AbstractTestNGCucumberTests"/>
      </group> <!-- cucumber -->
    </groups>
    <test name="Systembolaget" duration-ms="38167" started-at="2019-09-14T15:58:39Z" finished-at="2019-09-14T15:59:17Z">
      <class name="Cucumber.TestRunner">
        <test-method status="PASS" signature="setUpClass()[pri:0, instance:Cucumber.TestRunner@7334aada]" name="setUpClass" is-config="true" duration-ms="236" started-at="2019-09-14T17:58:51Z" finished-at="2019-09-14T17:58:52Z">
          <reporter-output>
          </reporter-output>
        </test-method> <!-- setUpClass -->
        <test-method status="PASS" signature="feature(cucumber.api.testng.CucumberFeatureWrapper)[pri:0, instance:Cucumber.TestRunner@7334aada]" name="feature" duration-ms="25102" started-at="2019-09-14T17:58:52Z" description="Runs Cucumber Feature" data-provider="features" finished-at="2019-09-14T17:59:17Z">
          <params>
            <param index="0">
              <value>
                <![CDATA[Systembolaget projekt]]>
              </value>
            </param>
          </params>
          <reporter-output>
          </reporter-output>
        </test-method> <!-- feature -->
        <test-method status="PASS" signature="tearDownClass()[pri:0, instance:Cucumber.TestRunner@7334aada]" name="tearDownClass" is-config="true" duration-ms="2" started-at="2019-09-14T17:59:17Z" finished-at="2019-09-14T17:59:17Z">
          <reporter-output>
          </reporter-output>
        </test-method> <!-- tearDownClass -->
      </class> <!-- Cucumber.TestRunner -->
      <class name="SystemBolaget.Login">
        <test-method status="PASS" signature="testBeforeSuite()[pri:0, instance:SystemBolaget.Login@61862a7f]" name="testBeforeSuite" is-config="true" duration-ms="7271" started-at="2019-09-14T17:58:39Z" finished-at="2019-09-14T17:58:46Z">
          <reporter-output>
          </reporter-output>
        </test-method> <!-- testBeforeSuite -->
        <test-method status="PASS" signature="LogIn()[pri:1, instance:SystemBolaget.Login@61862a7f]" name="LogIn" duration-ms="108" started-at="2019-09-14T17:58:46Z" finished-at="2019-09-14T17:58:46Z">
          <reporter-output>
          </reporter-output>
        </test-method> <!-- LogIn -->
        <test-method status="PASS" signature="Search()[pri:0, instance:SystemBolaget.Login@61862a7f]" name="Search" duration-ms="1627" started-at="2019-09-14T17:58:46Z" depends-on-methods="SystemBolaget.Login.LogIn" finished-at="2019-09-14T17:58:48Z">
          <reporter-output>
          </reporter-output>
        </test-method> <!-- Search -->
        <test-method status="PASS" signature="SearchResult()[pri:0, instance:SystemBolaget.Login@61862a7f]" name="SearchResult" duration-ms="552" started-at="2019-09-14T17:58:48Z" depends-on-methods="SystemBolaget.Login.Search" finished-at="2019-09-14T17:58:48Z">
          <reporter-output>
          </reporter-output>
        </test-method> <!-- SearchResult -->
        <test-method status="PASS" signature="testAfterSuite()[pri:0, instance:SystemBolaget.Login@61862a7f]" name="testAfterSuite" is-config="true" duration-ms="3200" started-at="2019-09-14T17:58:48Z" finished-at="2019-09-14T17:58:51Z">
          <reporter-output>
          </reporter-output>
        </test-method> <!-- testAfterSuite -->
      </class> <!-- SystemBolaget.Login -->
    </test> <!-- Systembolaget -->
  </suite> <!-- Selenium -->
</testng-results>
