<?xml version="1.0" encoding="UTF-8"?>
<testng-results skipped="0" failed="0" ignored="0" total="4" passed="4">
  <reporter-output>
  </reporter-output>
  <suite name="Selenium" duration-ms="40745" started-at="2019-09-14T16:08:14Z" finished-at="2019-09-14T16:08:55Z">
    <groups>
      <group name="cucumber">
        <method signature="AbstractTestNGCucumberTests.feature(cucumber.api.testng.CucumberFeatureWrapper)[pri:0, instance:Cucumber.TestRunner@1b7cc17c]" name="feature" class="cucumber.api.testng.AbstractTestNGCucumberTests"/>
      </group> <!-- cucumber -->
    </groups>
    <test name="Systembolaget" duration-ms="40745" started-at="2019-09-14T16:08:14Z" finished-at="2019-09-14T16:08:55Z">
      <class name="Cucumber.TestRunner">
        <test-method status="PASS" signature="setUpClass()[pri:0, instance:Cucumber.TestRunner@1b7cc17c]" name="setUpClass" is-config="true" duration-ms="328" started-at="2019-09-14T16:08:14Z" finished-at="2019-09-14T16:08:14Z">
          <reporter-output>
          </reporter-output>
        </test-method> <!-- setUpClass -->
        <test-method status="PASS" signature="feature(cucumber.api.testng.CucumberFeatureWrapper)[pri:0, instance:Cucumber.TestRunner@1b7cc17c]" name="feature" duration-ms="28639" started-at="2019-09-14T16:08:14Z" description="Runs Cucumber Feature" data-provider="features" finished-at="2019-09-14T16:08:43Z">
          <params>
            <param index="0">
              <value>
                <![CDATA[Systembolaget projekt]]>
              </value>
            </param>
          </params>
          <reporter-output>
          </reporter-output>
        </test-method> <!-- feature -->
        <test-method status="PASS" signature="tearDownClass()[pri:0, instance:Cucumber.TestRunner@1b7cc17c]" name="tearDownClass" is-config="true" duration-ms="0" started-at="2019-09-14T16:08:43Z" finished-at="2019-09-14T16:08:43Z">
          <reporter-output>
          </reporter-output>
        </test-method> <!-- tearDownClass -->
      </class> <!-- Cucumber.TestRunner -->
      <class name="SystemBolaget.Login">
        <test-method status="PASS" signature="testBeforeSuite()[pri:0, instance:SystemBolaget.Login@4efbca5a]" name="testBeforeSuite" is-config="true" duration-ms="6258" started-at="2019-09-14T16:08:43Z" finished-at="2019-09-14T16:08:49Z">
          <reporter-output>
          </reporter-output>
        </test-method> <!-- testBeforeSuite -->
        <test-method status="PASS" signature="LogIn()[pri:1, instance:SystemBolaget.Login@4efbca5a]" name="LogIn" duration-ms="113" started-at="2019-09-14T16:08:49Z" finished-at="2019-09-14T16:08:49Z">
          <reporter-output>
          </reporter-output>
        </test-method> <!-- LogIn -->
        <test-method status="PASS" signature="Search()[pri:0, instance:SystemBolaget.Login@4efbca5a]" name="Search" duration-ms="1123" started-at="2019-09-14T16:08:49Z" depends-on-methods="SystemBolaget.Login.LogIn" finished-at="2019-09-14T16:08:50Z">
          <reporter-output>
          </reporter-output>
        </test-method> <!-- Search -->
        <test-method status="PASS" signature="SearchResult()[pri:0, instance:SystemBolaget.Login@4efbca5a]" name="SearchResult" duration-ms="968" started-at="2019-09-14T16:08:50Z" depends-on-methods="SystemBolaget.Login.Search" finished-at="2019-09-14T16:08:51Z">
          <reporter-output>
          </reporter-output>
        </test-method> <!-- SearchResult -->
        <test-method status="PASS" signature="testAfterSuite()[pri:0, instance:SystemBolaget.Login@4efbca5a]" name="testAfterSuite" is-config="true" duration-ms="3204" started-at="2019-09-14T16:08:51Z" finished-at="2019-09-14T16:08:55Z">
          <reporter-output>
          </reporter-output>
        </test-method> <!-- testAfterSuite -->
      </class> <!-- SystemBolaget.Login -->
    </test> <!-- Systembolaget -->
  </suite> <!-- Selenium -->
</testng-results>
