<?xml version="1.0" encoding="UTF-8"?>
<!-- Generated by org.testng.reporters.JUnitXMLReporter -->
<testsuite hostname="WMLI122597" name="Norwegian" tests="6" failures="2" timestamp="13 Sep 2019 09:29:56 GMT" time="31.981" errors="0">
  <testcase name="checkSubmitButton" time="0.077" classname="Norwegian.BookResa"/>
  <testcase name="selectSource" time="6.581" classname="Norwegian.BookResa"/>
  <testcase name="selectDestination" time="6.408" classname="Norwegian.BookResa"/>
  <testcase name="selectOutboundDate" time="4.956" classname="Norwegian.BookResa"/>
  <testcase name="selectReturnDate" time="5.078" classname="Norwegian.BookResa">
    <failure type="org.openqa.selenium.ElementNotInteractableException" message="element not interactable
  (Session info: chrome=76.0.3809.132)
Build info: version: &amp;apos;3.141.59&amp;apos;, revision: &amp;apos;e82be7d358&amp;apos;, time: &amp;apos;2018-11-14T08:17:03&amp;apos;
System info: host: &amp;apos;WMLI122597&amp;apos;, ip: &amp;apos;192.168.1.239&amp;apos;, os.name: &amp;apos;Windows 10&amp;apos;, os.arch: &amp;apos;amd64&amp;apos;, os.version: &amp;apos;10.0&amp;apos;, java.version: &amp;apos;1.8.0_221&amp;apos;
Driver info: org.openqa.selenium.chrome.ChromeDriver
Capabilities {acceptInsecureCerts: false, browserName: chrome, browserVersion: 76.0.3809.132, chrome: {chromedriverVersion: 76.0.3809.126 (d80a294506b4..., userDataDir: C:\Users\SERGEJ~1.SUL\AppDa...}, goog:chromeOptions: {debuggerAddress: localhost:54575}, javascriptEnabled: true, networkConnectionEnabled: false, pageLoadStrategy: normal, platform: XP, platformName: XP, proxy: Proxy(), setWindowRect: true, strictFileInteractability: false, timeouts: {implicit: 0, pageLoad: 300000, script: 30000}, unhandledPromptBehavior: dismiss and notify}
Session ID: c154f898b7659aac361270c27bfb0452">
      <![CDATA[org.openqa.selenium.ElementNotInteractableException: element not interactable
  (Session info: chrome=76.0.3809.132)
Build info: version: '3.141.59', revision: 'e82be7d358', time: '2018-11-14T08:17:03'
System info: host: 'WMLI122597', ip: '192.168.1.239', os.name: 'Windows 10', os.arch: 'amd64', os.version: '10.0', java.version: '1.8.0_221'
Driver info: org.openqa.selenium.chrome.ChromeDriver
Capabilities {acceptInsecureCerts: false, browserName: chrome, browserVersion: 76.0.3809.132, chrome: {chromedriverVersion: 76.0.3809.126 (d80a294506b4..., userDataDir: C:\Users\SERGEJ~1.SUL\AppDa...}, goog:chromeOptions: {debuggerAddress: localhost:54575}, javascriptEnabled: true, networkConnectionEnabled: false, pageLoadStrategy: normal, platform: XP, platformName: XP, proxy: Proxy(), setWindowRect: true, strictFileInteractability: false, timeouts: {implicit: 0, pageLoad: 300000, script: 30000}, unhandledPromptBehavior: dismiss and notify}
Session ID: c154f898b7659aac361270c27bfb0452
	at org.openqa.selenium.remote.http.W3CHttpResponseCodec.createException(W3CHttpResponseCodec.java:187)
	at org.openqa.selenium.remote.http.W3CHttpResponseCodec.decode(W3CHttpResponseCodec.java:122)
	at org.openqa.selenium.remote.http.W3CHttpResponseCodec.decode(W3CHttpResponseCodec.java:49)
	at org.openqa.selenium.remote.HttpCommandExecutor.execute(HttpCommandExecutor.java:158)
	at org.openqa.selenium.remote.service.DriverCommandExecutor.execute(DriverCommandExecutor.java:83)
	at org.openqa.selenium.remote.RemoteWebDriver.execute(RemoteWebDriver.java:552)
	at org.openqa.selenium.remote.RemoteWebElement.execute(RemoteWebElement.java:285)
	at org.openqa.selenium.remote.RemoteWebElement.click(RemoteWebElement.java:84)
	at Norwegian.BookResa.selectReturnDate(BookResa.java:235)
... Removed 28 stack frames]]>
    </failure>
  </testcase> <!-- selectReturnDate -->
  <testcase name="selectReturnDate" time="5.081" classname="Norwegian.BookResa">
    <failure type="java.lang.NullPointerException">
      <![CDATA[java.lang.NullPointerException
	at Framework.TestBase.getScreenshot(TestBase.java:86)
	at Framework.Listeners.onTestFailure(Listeners.java:33)
... Removed 21 stack frames]]>
    </failure>
  </testcase> <!-- selectReturnDate -->
</testsuite> <!-- Norwegian -->
