<?xml version="1.0" encoding="UTF-8"?>
<!-- Generated by org.testng.reporters.JUnitXMLReporter -->
<testsuite hostname="WMLI122597" name="Systembolaget" tests="4" failures="0" timestamp="14 Sep 2019 15:59:17 GMT" time="38.167" errors="0">
  <testcase name="LogIn" time="0.108" classname="SystemBolaget.Login"/>
  <testcase name="Search" time="1.627" classname="SystemBolaget.Login"/>
  <testcase name="SearchResult" time="0.552" classname="SystemBolaget.Login"/>
  <testcase name="feature" time="25.102" classname="Cucumber.TestRunner"/>
</testsuite> <!-- Systembolaget -->
